1645896522001	geckodriver	INFO	Listening on 127.0.0.1:64871
1645896525030	mozrunner::runner	INFO	Running command: "C:\\Program Files\\Mozilla Firefox\\firefox.exe" "--marionette" "--remote-debugging-port" "64872" "-no-remote" "-profile" "C:\\Users\\User\\AppData\\Local\\Temp\\rust_mozprofileMkWksF"
1645896525896	Marionette	INFO	Marionette enabled
console.warn: SearchSettings: "get: No settings file exists, new profile?" (new NotFoundError("Could not open the file at C:\\Users\\User\\AppData\\Local\\Temp\\rust_mozprofileMkWksF\\search.json.mozlz4", (void 0)))
DevTools listening on ws://localhost:64872/devtools/browser/c230b69c-9a32-44c5-b457-12df072be550
1645896529564	Marionette	INFO	Listening on port 64877
1645896529965	RemoteAgent	WARN	TLS certificate errors will be ignored for this session
[Child 11092, MediaDecoderStateMachine #1] WARNING: Decoder=160a128dd00 state=DECODING_METADATA Decode metadata failed, shutting down decoder: file /builds/worker/checkouts/gecko/dom/media/MediaDecoderStateMachine.cpp:367
[Child 11092, MediaDecoderStateMachine #1] WARNING: Decoder=160a128dd00 Decode error: NS_ERROR_DOM_MEDIA_METADATA_ERR (0x806e0006) - static MP4Metadata::ResultAndByteBuffer __cdecl mozilla::MP4Metadata::Metadata(mozilla::ByteStream *): Cannot parse metadata: file /builds/worker/checkouts/gecko/dom/media/MediaDecoderStateMachine.cpp:3568
[Child 11092, MediaDecoderStateMachine #1] WARNING: Decoder=160a0168800 state=DECODING_METADATA Decode metadata failed, shutting down decoder: file /builds/worker/checkouts/gecko/dom/media/MediaDecoderStateMachine.cpp:367
[Child 11092, MediaDecoderStateMachine #1] WARNING: Decoder=160a0168800 Decode error: NS_ERROR_DOM_MEDIA_METADATA_ERR (0x806e0006) - static MP4Metadata::ResultAndByteBuffer __cdecl mozilla::MP4Metadata::Metadata(mozilla::ByteStream *): Cannot parse metadata: file /builds/worker/checkouts/gecko/dom/media/MediaDecoderStateMachine.cpp:3568
[Child 11092, MediaDecoderStateMachine #1] WARNING: Decoder=1609e3ba100 state=DECODING_METADATA Decode metadata failed, shutting down decoder: file /builds/worker/checkouts/gecko/dom/media/MediaDecoderStateMachine.cpp:367
[Child 11092, MediaDecoderStateMachine #1] WARNING: Decoder=1609e3ba100 Decode error: NS_ERROR_DOM_MEDIA_METADATA_ERR (0x806e0006) - static MP4Metadata::ResultAndByteBuffer __cdecl mozilla::MP4Metadata::Metadata(mozilla::ByteStream *): Cannot parse metadata: file /builds/worker/checkouts/gecko/dom/media/MediaDecoderStateMachine.cpp:3568
console.warn: LoginRecipes: "getRecipes: falling back to a synchronous message for:" "https://app.involve.me"
console.warn: LoginRecipes: "getRecipes: falling back to a synchronous message for:" "https://app.involve.me"
JavaScript error: resource://gre/modules/LoginManagerParent.jsm, line 136: TypeError: gRecipeManager is null
console.warn: LoginRecipes: "getRecipes: falling back to a synchronous message for:" "https://app.involve.me"
JavaScript error: resource://gre/modules/LoginManagerParent.jsm, line 136: TypeError: gRecipeManager is null
1645896550246	Marionette	INFO	Stopped listening on port 64877

###!!! [Child][RunMessage] Error: Channel closing: too late to send/recv, messages will be lost


###!!! [Child][RunMessage] Error: Channel closing: too late to send/recv, messages will be lost


###!!! [Child][RunMessage] Error: Channel closing: too late to send/recv, messages will be lost


###!!! [Child][RunMessage] Error: Channel closing: too late to send/recv, messages will be lost


###!!! [Child][RunMessage] Error: Channel closing: too late to send/recv, messages will be lost

1645896555514	geckodriver	INFO	Listening on 127.0.0.1:64977
1645896558567	mozrunner::runner	INFO	Running command: "C:\\Program Files\\Mozilla Firefox\\firefox.exe" "--marionette" "--remote-debugging-port" "64978" "-no-remote" "-profile" "C:\\Users\\User\\AppData\\Local\\Temp\\rust_mozprofileq45Ge7"
1645896559122	Marionette	INFO	Marionette enabled
console.warn: SearchSettings: "get: No settings file exists, new profile?" (new NotFoundError("Could not open the file at C:\\Users\\User\\AppData\\Local\\Temp\\rust_mozprofileq45Ge7\\search.json.mozlz4", (void 0)))
DevTools listening on ws://localhost:64978/devtools/browser/118c4393-f5e7-4451-b68a-07758f88cfdb
1645896562687	Marionette	INFO	Listening on port 64983
1645896562734	RemoteAgent	WARN	TLS certificate errors will be ignored for this session
console.warn: LoginRecipes: "getRecipes: falling back to a synchronous message for:" "https://app.involve.me"
console.warn: LoginRecipes: "getRecipes: falling back to a synchronous message for:" "https://app.involve.me"
JavaScript error: resource://gre/modules/LoginManagerParent.jsm, line 136: TypeError: gRecipeManager is null
console.warn: LoginRecipes: "getRecipes: falling back to a synchronous message for:" "https://app.involve.me"
JavaScript error: resource://gre/modules/LoginManagerParent.jsm, line 136: TypeError: gRecipeManager is null
1645896578055	Marionette	INFO	Stopped listening on port 64983

###!!! [Child][MessageChannel] Error: (msgtype=0x5A000B,name=PHttpChannel::Msg___delete__) Channel closing: too late to send/recv, messages will be lost


###!!! [Child][MessageChannel] Error: (msgtype=0x6B0023,name=PNecko::Msg_RemoveRequestContext) Channel closing: too late to send/recv, messages will be lost


###!!! [Child][RunMessage] Error: Channel closing: too late to send/recv, messages will be lost

1645896583073	geckodriver	INFO	Listening on 127.0.0.1:65082
1645896586114	mozrunner::runner	INFO	Running command: "C:\\Program Files\\Mozilla Firefox\\firefox.exe" "--marionette" "--remote-debugging-port" "65083" "-no-remote" "-profile" "C:\\Users\\User\\AppData\\Local\\Temp\\rust_mozprofileRqcR4y"
1645896586721	Marionette	INFO	Marionette enabled
console.warn: SearchSettings: "get: No settings file exists, new profile?" (new NotFoundError("Could not open the file at C:\\Users\\User\\AppData\\Local\\Temp\\rust_mozprofileRqcR4y\\search.json.mozlz4", (void 0)))
DevTools listening on ws://localhost:65083/devtools/browser/97f14898-51f4-469a-9f03-d2b2e6077324
1645896590075	Marionette	INFO	Listening on port 65088
1645896590304	RemoteAgent	WARN	TLS certificate errors will be ignored for this session
console.warn: LoginRecipes: "getRecipes: falling back to a synchronous message for:" "https://app.involve.me"
console.warn: LoginRecipes: "getRecipes: falling back to a synchronous message for:" "https://app.involve.me"
JavaScript error: resource://gre/modules/LoginManagerParent.jsm, line 136: TypeError: gRecipeManager is null
console.warn: LoginRecipes: "getRecipes: falling back to a synchronous message for:" "https://app.involve.me"
JavaScript error: resource://gre/modules/LoginManagerParent.jsm, line 136: TypeError: gRecipeManager is null
1645896610527	Marionette	INFO	Stopped listening on port 65088

###!!! [Child][RunMessage] Error: Channel closing: too late to send/recv, messages will be lost


###!!! [Child][RunMessage] Error: Channel closing: too late to send/recv, messages will be lost


###!!! [Child][RunMessage] Error: Channel closing: too late to send/recv, messages will be lost


###!!! [Child][RunMessage] Error: Channel closing: too late to send/recv, messages will be lost


###!!! [Child][RunMessage] Error: Channel closing: too late to send/recv, messages will be lost


###!!! [Child][RunMessage] Error: Channel closing: too late to send/recv, messages will be lost

1645896615266	geckodriver	INFO	Listening on 127.0.0.1:65187
1645896618307	mozrunner::runner	INFO	Running command: "C:\\Program Files\\Mozilla Firefox\\firefox.exe" "--marionette" "--remote-debugging-port" "65188" "-no-remote" "-profile" "C:\\Users\\User\\AppData\\Local\\Temp\\rust_mozprofileOhuejh"
1645896618867	Marionette	INFO	Marionette enabled
console.warn: SearchSettings: "get: No settings file exists, new profile?" (new NotFoundError("Could not open the file at C:\\Users\\User\\AppData\\Local\\Temp\\rust_mozprofileOhuejh\\search.json.mozlz4", (void 0)))
DevTools listening on ws://localhost:65188/devtools/browser/6ee370f1-77ae-4e75-be6e-a4dd102ef579
1645896622251	Marionette	INFO	Listening on port 65193
1645896622495	RemoteAgent	WARN	TLS certificate errors will be ignored for this session
[Child 20520, MediaDecoderStateMachine #1] WARNING: Decoder=21dfc158000 state=DECODING_METADATA Decode metadata failed, shutting down decoder: file /builds/worker/checkouts/gecko/dom/media/MediaDecoderStateMachine.cpp:367
[Child 20520, MediaDecoderStateMachine #1] WARNING: Decoder=21dfc158000 Decode error: NS_ERROR_DOM_MEDIA_METADATA_ERR (0x806e0006) - static MP4Metadata::ResultAndByteBuffer __cdecl mozilla::MP4Metadata::Metadata(mozilla::ByteStream *): Cannot parse metadata: file /builds/worker/checkouts/gecko/dom/media/MediaDecoderStateMachine.cpp:3568
[Child 20520, MediaDecoderStateMachine #1] WARNING: Decoder=21dfe6a1d00 state=DECODING_METADATA Decode metadata failed, shutting down decoder: file /builds/worker/checkouts/gecko/dom/media/MediaDecoderStateMachine.cpp:367
[Child 20520, MediaDecoderStateMachine #1] WARNING: Decoder=21dfe6a1d00 Decode error: NS_ERROR_DOM_MEDIA_METADATA_ERR (0x806e0006) - static MP4Metadata::ResultAndByteBuffer __cdecl mozilla::MP4Metadata::Metadata(mozilla::ByteStream *): Cannot parse metadata: file /builds/worker/checkouts/gecko/dom/media/MediaDecoderStateMachine.cpp:3568
[Child 20520, MediaDecoderStateMachine #1] WARNING: Decoder=21dfe6a4700 state=DECODING_METADATA Decode metadata failed, shutting down decoder: file /builds/worker/checkouts/gecko/dom/media/MediaDecoderStateMachine.cpp:367
[Child 20520, MediaDecoderStateMachine #1] WARNING: Decoder=21dfe6a4700 Decode error: NS_ERROR_DOM_MEDIA_METADATA_ERR (0x806e0006) - static MP4Metadata::ResultAndByteBuffer __cdecl mozilla::MP4Metadata::Metadata(mozilla::ByteStream *): Cannot parse metadata: file /builds/worker/checkouts/gecko/dom/media/MediaDecoderStateMachine.cpp:3568
console.warn: LoginRecipes: "getRecipes: falling back to a synchronous message for:" "https://app.involve.me"
console.warn: LoginRecipes: "getRecipes: falling back to a synchronous message for:" "https://app.involve.me"
JavaScript error: resource://gre/modules/LoginManagerParent.jsm, line 136: TypeError: gRecipeManager is null
1645896630765	Marionette	INFO	Stopped listening on port 65193
1645896635634	geckodriver	INFO	Listening on 127.0.0.1:65293
1645896638685	mozrunner::runner	INFO	Running command: "C:\\Program Files\\Mozilla Firefox\\firefox.exe" "--marionette" "--remote-debugging-port" "65294" "-no-remote" "-profile" "C:\\Users\\User\\AppData\\Local\\Temp\\rust_mozprofileoSD0r1"
1645896639242	Marionette	INFO	Marionette enabled
console.warn: SearchSettings: "get: No settings file exists, new profile?" (new NotFoundError("Could not open the file at C:\\Users\\User\\AppData\\Local\\Temp\\rust_mozprofileoSD0r1\\search.json.mozlz4", (void 0)))
DevTools listening on ws://localhost:65294/devtools/browser/e7e3c079-5d56-4335-8d81-1de7a18e2a2d
1645896642723	Marionette	INFO	Listening on port 65299
1645896642962	RemoteAgent	WARN	TLS certificate errors will be ignored for this session
[Child 28036, MediaDecoderStateMachine #1] WARNING: Decoder=1de732a2800 state=DECODING_METADATA Decode metadata failed, shutting down decoder: file /builds/worker/checkouts/gecko/dom/media/MediaDecoderStateMachine.cpp:367
[Child 28036, MediaDecoderStateMachine #1] WARNING: Decoder=1de732a2800 Decode error: NS_ERROR_DOM_MEDIA_METADATA_ERR (0x806e0006) - static MP4Metadata::ResultAndByteBuffer __cdecl mozilla::MP4Metadata::Metadata(mozilla::ByteStream *): Cannot parse metadata: file /builds/worker/checkouts/gecko/dom/media/MediaDecoderStateMachine.cpp:3568
[Child 28036, MediaDecoderStateMachine #1] WARNING: Decoder=1de73fb6500 state=DECODING_METADATA Decode metadata failed, shutting down decoder: file /builds/worker/checkouts/gecko/dom/media/MediaDecoderStateMachine.cpp:367
[Child 28036, MediaDecoderStateMachine #1] WARNING: Decoder=1de73fb6500 Decode error: NS_ERROR_DOM_MEDIA_METADATA_ERR (0x806e0006) - static MP4Metadata::ResultAndByteBuffer __cdecl mozilla::MP4Metadata::Metadata(mozilla::ByteStream *): Cannot parse metadata: file /builds/worker/checkouts/gecko/dom/media/MediaDecoderStateMachine.cpp:3568
console.warn: LoginRecipes: "getRecipes: falling back to a synchronous message for:" "https://app.involve.me"
console.warn: LoginRecipes: "getRecipes: falling back to a synchronous message for:" "https://app.involve.me"
JavaScript error: resource://gre/modules/LoginManagerParent.jsm, line 136: TypeError: gRecipeManager is null
1645896665603	Marionette	INFO	Stopped listening on port 65299

###!!! [Parent][MessageChannel] Error: (msgtype=0x3A007A,name=PContent::Msg_DestroyBrowsingContextGroup) Closed channel: cannot send/recv


###!!! [Child][RunMessage] Error: Channel closing: too late to send/recv, messages will be lost


###!!! [Child][RunMessage] Error: Channel closing: too late to send/recv, messages will be lost


###!!! [Child][MessageChannel] Error: (msgtype=0x230030,name=PBrowser::Msg___delete__) Channel closing: too late to send/recv, messages will be lost


###!!! [Child][RunMessage] Error: Channel closing: too late to send/recv, messages will be lost

1645896671472	geckodriver	INFO	Listening on 127.0.0.1:65404
1645896674521	mozrunner::runner	INFO	Running command: "C:\\Program Files\\Mozilla Firefox\\firefox.exe" "--marionette" "--remote-debugging-port" "65405" "-no-remote" "-profile" "C:\\Users\\User\\AppData\\Local\\Temp\\rust_mozprofileZwoeex"
1645896675064	Marionette	INFO	Marionette enabled
console.warn: SearchSettings: "get: No settings file exists, new profile?" (new NotFoundError("Could not open the file at C:\\Users\\User\\AppData\\Local\\Temp\\rust_mozprofileZwoeex\\search.json.mozlz4", (void 0)))
DevTools listening on ws://localhost:65405/devtools/browser/6b8efefb-d262-41d3-9ba5-632803a3937c
1645896678505	Marionette	INFO	Listening on port 65410
1645896678734	RemoteAgent	WARN	TLS certificate errors will be ignored for this session
[Child 12056, MediaDecoderStateMachine #1] WARNING: Decoder=21503eb2800 state=DECODING_METADATA Decode metadata failed, shutting down decoder: file /builds/worker/checkouts/gecko/dom/media/MediaDecoderStateMachine.cpp:367
[Child 12056, MediaDecoderStateMachine #1] WARNING: Decoder=21503eb2800 Decode error: NS_ERROR_DOM_MEDIA_METADATA_ERR (0x806e0006) - static MP4Metadata::ResultAndByteBuffer __cdecl mozilla::MP4Metadata::Metadata(mozilla::ByteStream *): Cannot parse metadata: file /builds/worker/checkouts/gecko/dom/media/MediaDecoderStateMachine.cpp:3568
[Child 12056, MediaDecoderStateMachine #1] WARNING: Decoder=21504f8a400 state=DECODING_METADATA Decode metadata failed, shutting down decoder: file /builds/worker/checkouts/gecko/dom/media/MediaDecoderStateMachine.cpp:367
[Child 12056, MediaDecoderStateMachine #1] WARNING: Decoder=21504f8a400 Decode error: NS_ERROR_DOM_MEDIA_METADATA_ERR (0x806e0006) - static MP4Metadata::ResultAndByteBuffer __cdecl mozilla::MP4Metadata::Metadata(mozilla::ByteStream *): Cannot parse metadata: file /builds/worker/checkouts/gecko/dom/media/MediaDecoderStateMachine.cpp:3568
console.warn: LoginRecipes: "getRecipes: falling back to a synchronous message for:" "https://app.involve.me"
console.warn: LoginRecipes: "getRecipes: falling back to a synchronous message for:" "https://app.involve.me"
JavaScript error: resource://gre/modules/LoginManagerParent.jsm, line 136: TypeError: gRecipeManager is null
1645896687293	Marionette	INFO	Stopped listening on port 65410

###!!! [Parent][MessageChannel] Error: (msgtype=0x3A014F,name=PContent::Reply_DiscardBrowsingContext) Closed channel: cannot send/recv


###!!! [Parent][MessageChannel] Error: (msgtype=0x3A014F,name=PContent::Reply_DiscardBrowsingContext) Closed channel: cannot send/recv


###!!! [Child][MessageChannel] Error: (msgtype=0x5A0007,name=PHttpChannel::Msg_RemoveCorsPreflightCacheEntry) Channel closing: too late to send/recv, messages will be lost


###!!! [Child][MessageChannel] Error: (msgtype=0x5A0008,name=PHttpChannel::Msg_DeletingChannel) Channel closing: too late to send/recv, messages will be lost


###!!! [Child][MessageChannel] Error: (msgtype=0x3A0147,name=PContent::Msg_ScriptError) Channel closing: too late to send/recv, messages will be lost


###!!! [Parent][MessageChannel] Error: (msgtype=0x3A007A,name=PContent::Msg_DestroyBrowsingContextGroup) Closed channel: cannot send/recv


###!!! [Child][MessageChannel] Error: (msgtype=0x3A0147,name=PContent::Msg_ScriptError) Channel closing: too late to send/recv, messages will be lost


###!!! [Child][RunMessage] Error: Channel closing: too late to send/recv, messages will be lost


###!!! [Child][RunMessage] Error: Channel closing: too late to send/recv, messages will be lost


###!!! [Child][RunMessage] Error: Channel closing: too late to send/recv, messages will be lost


###!!! [Child][RunMessage] Error: Channel closing: too late to send/recv, messages will be lost


###!!! [Child][RunMessage] Error: Channel closing: too late to send/recv, messages will be lost


###!!! [Child][RunMessage] Error: Channel closing: too late to send/recv, messages will be lost


###!!! [Child][MessageChannel] Error: (msgtype=0x3A0147,name=PContent::Msg_ScriptError) Channel closing: too late to send/recv, messages will be lost


###!!! [Child][RunMessage] Error: Channel closing: too late to send/recv, messages will be lost

1645896692127	geckodriver	INFO	Listening on 127.0.0.1:65506
1645896695162	mozrunner::runner	INFO	Running command: "C:\\Program Files\\Mozilla Firefox\\firefox.exe" "--marionette" "--remote-debugging-port" "65507" "-no-remote" "-profile" "C:\\Users\\User\\AppData\\Local\\Temp\\rust_mozprofile2RU2R9"
1645896695725	Marionette	INFO	Marionette enabled
console.warn: SearchSettings: "get: No settings file exists, new profile?" (new NotFoundError("Could not open the file at C:\\Users\\User\\AppData\\Local\\Temp\\rust_mozprofile2RU2R9\\search.json.mozlz4", (void 0)))
DevTools listening on ws://localhost:65507/devtools/browser/04b82d3d-32e7-45e4-b7f9-1aa52dfae11c
1645896699135	Marionette	INFO	Listening on port 65512
1645896699388	RemoteAgent	WARN	TLS certificate errors will be ignored for this session
[Child 8180, MediaDecoderStateMachine #1] WARNING: Decoder=159f2ce2400 state=DECODING_METADATA Decode metadata failed, shutting down decoder: file /builds/worker/checkouts/gecko/dom/media/MediaDecoderStateMachine.cpp:367
[Child 8180, MediaDecoderStateMachine #1] WARNING: Decoder=159f2ce2400 Decode error: NS_ERROR_DOM_MEDIA_METADATA_ERR (0x806e0006) - static MP4Metadata::ResultAndByteBuffer __cdecl mozilla::MP4Metadata::Metadata(mozilla::ByteStream *): Cannot parse metadata: file /builds/worker/checkouts/gecko/dom/media/MediaDecoderStateMachine.cpp:3568
console.warn: LoginRecipes: "getRecipes: falling back to a synchronous message for:" "https://app.involve.me"
console.warn: LoginRecipes: "getRecipes: falling back to a synchronous message for:" "https://app.involve.me"
JavaScript error: resource://gre/modules/LoginManagerParent.jsm, line 136: TypeError: gRecipeManager is null
1645896707726	Marionette	INFO	Stopped listening on port 65512

###!!! [Parent][MessageChannel] Error: (msgtype=0x3A014F,name=PContent::Reply_DiscardBrowsingContext) Closed channel: cannot send/recv


###!!! [Parent][MessageChannel] Error: (msgtype=0x3A014F,name=PContent::Reply_DiscardBrowsingContext) Closed channel: cannot send/recv


###!!! [Parent][MessageChannel] Error: (msgtype=0x3A007A,name=PContent::Msg_DestroyBrowsingContextGroup) Closed channel: cannot send/recv


###!!! [Child][MessageChannel] Error: (msgtype=0x5A0007,name=PHttpChannel::Msg_RemoveCorsPreflightCacheEntry) Channel closing: too late to send/recv, messages will be lost


###!!! [Child][MessageChannel] Error: (msgtype=0x5A0008,name=PHttpChannel::Msg_DeletingChannel) Channel closing: too late to send/recv, messages will be lost


###!!! [Child][RunMessage] Error: Channel closing: too late to send/recv, messages will be lost


###!!! [Child][RunMessage] Error: Channel closing: too late to send/recv, messages will be lost


###!!! [Child][MessageChannel] Error: (msgtype=0x3A0147,name=PContent::Msg_ScriptError) Channel closing: too late to send/recv, messages will be lost


###!!! [Child][RunMessage] Error: Channel closing: too late to send/recv, messages will be lost


###!!! [Child][MessageChannel] Error: (msgtype=0x3A0147,name=PContent::Msg_ScriptError) Channel closing: too late to send/recv, messages will be lost


###!!! [Child][RunMessage] Error: Channel closing: too late to send/recv, messages will be lost


###!!! [Child][RunMessage] Error: Channel closing: too late to send/recv, messages will be lost


###!!! [Child][RunMessage] Error: Channel closing: too late to send/recv, messages will be lost


###!!! [Child][RunMessage] Error: Channel closing: too late to send/recv, messages will be lost


###!!! [Child][RunMessage] Error: Channel closing: too late to send/recv, messages will be lost

1645896712596	geckodriver	INFO	Listening on 127.0.0.1:49224
1645896715623	mozrunner::runner	INFO	Running command: "C:\\Program Files\\Mozilla Firefox\\firefox.exe" "--marionette" "--remote-debugging-port" "49225" "-no-remote" "-profile" "C:\\Users\\User\\AppData\\Local\\Temp\\rust_mozprofilenIY0hM"
1645896716178	Marionette	INFO	Marionette enabled
console.warn: SearchSettings: "get: No settings file exists, new profile?" (new NotFoundError("Could not open the file at C:\\Users\\User\\AppData\\Local\\Temp\\rust_mozprofilenIY0hM\\search.json.mozlz4", (void 0)))
DevTools listening on ws://localhost:49225/devtools/browser/cfea67e0-992f-4cf8-bded-1528ef6b8d9d
1645896719589	Marionette	INFO	Listening on port 49230
1645896719843	RemoteAgent	WARN	TLS certificate errors will be ignored for this session
[Child 16224, MediaDecoderStateMachine #1] WARNING: Decoder=173715d0300 state=DECODING_METADATA Decode metadata failed, shutting down decoder: file /builds/worker/checkouts/gecko/dom/media/MediaDecoderStateMachine.cpp:367
[Child 16224, MediaDecoderStateMachine #1] WARNING: Decoder=173715d0300 Decode error: NS_ERROR_DOM_MEDIA_METADATA_ERR (0x806e0006) - static MP4Metadata::ResultAndByteBuffer __cdecl mozilla::MP4Metadata::Metadata(mozilla::ByteStream *): Cannot parse metadata: file /builds/worker/checkouts/gecko/dom/media/MediaDecoderStateMachine.cpp:3568
console.warn: LoginRecipes: "getRecipes: falling back to a synchronous message for:" "https://app.involve.me"
console.warn: LoginRecipes: "getRecipes: falling back to a synchronous message for:" "https://app.involve.me"
JavaScript error: resource://gre/modules/LoginManagerParent.jsm, line 136: TypeError: gRecipeManager is null
1645896730146	Marionette	INFO	Stopped listening on port 49230

###!!! [Parent][MessageChannel] Error: (msgtype=0x3A014F,name=PContent::Reply_DiscardBrowsingContext) Closed channel: cannot send/recv


###!!! [Parent][MessageChannel] Error: (msgtype=0x3A014F,name=PContent::Reply_DiscardBrowsingContext) Closed channel: cannot send/recv


###!!! [Child][RunMessage] Error: Channel closing: too late to send/recv, messages will be lost


###!!! [Child][RunMessage] Error: Channel closing: too late to send/recv, messages will be lost


###!!! [Child][RunMessage] Error: Channel closing: too late to send/recv, messages will be lost


###!!! [Parent][MessageChannel] Error: (msgtype=0x3A007A,name=PContent::Msg_DestroyBrowsingContextGroup) Closed channel: cannot send/recv


###!!! [Child][RunMessage] Error: Channel closing: too late to send/recv, messages will be lost


###!!! [Child][RunMessage] Error: Channel closing: too late to send/recv, messages will be lost


###!!! [Child][RunMessage] Error: Channel closing: too late to send/recv, messages will be lost

1645896734577	geckodriver	INFO	Listening on 127.0.0.1:49333
1645896737625	mozrunner::runner	INFO	Running command: "C:\\Program Files\\Mozilla Firefox\\firefox.exe" "--marionette" "--remote-debugging-port" "49334" "-no-remote" "-profile" "C:\\Users\\User\\AppData\\Local\\Temp\\rust_mozprofilesGfuSy"
1645896738140	Marionette	INFO	Marionette enabled
console.warn: SearchSettings: "get: No settings file exists, new profile?" (new NotFoundError("Could not open the file at C:\\Users\\User\\AppData\\Local\\Temp\\rust_mozprofilesGfuSy\\search.json.mozlz4", (void 0)))
DevTools listening on ws://localhost:49334/devtools/browser/966da966-1025-4767-834c-91bba164f312
1645896741438	Marionette	INFO	Listening on port 49339
1645896741831	RemoteAgent	WARN	TLS certificate errors will be ignored for this session
[Child 28032, MediaDecoderStateMachine #1] WARNING: Decoder=23ba1591e00 state=DECODING_METADATA Decode metadata failed, shutting down decoder: file /builds/worker/checkouts/gecko/dom/media/MediaDecoderStateMachine.cpp:367
[Child 28032, MediaDecoderStateMachine #1] WARNING: Decoder=23ba1591e00 Decode error: NS_ERROR_DOM_MEDIA_METADATA_ERR (0x806e0006) - static MP4Metadata::ResultAndByteBuffer __cdecl mozilla::MP4Metadata::Metadata(mozilla::ByteStream *): Cannot parse metadata: file /builds/worker/checkouts/gecko/dom/media/MediaDecoderStateMachine.cpp:3568
[Child 28032, MediaDecoderStateMachine #1] WARNING: Decoder=23ba0ed3d00 state=DECODING_METADATA Decode metadata failed, shutting down decoder: file /builds/worker/checkouts/gecko/dom/media/MediaDecoderStateMachine.cpp:367
[Child 28032, MediaDecoderStateMachine #1] WARNING: Decoder=23ba0ed3d00 Decode error: NS_ERROR_DOM_MEDIA_METADATA_ERR (0x806e0006) - static MP4Metadata::ResultAndByteBuffer __cdecl mozilla::MP4Metadata::Metadata(mozilla::ByteStream *): Cannot parse metadata: file /builds/worker/checkouts/gecko/dom/media/MediaDecoderStateMachine.cpp:3568
console.warn: LoginRecipes: "getRecipes: falling back to a synchronous message for:" "https://app.involve.me"
console.warn: LoginRecipes: "getRecipes: falling back to a synchronous message for:" "https://app.involve.me"
JavaScript error: resource://gre/modules/LoginManagerParent.jsm, line 136: TypeError: gRecipeManager is null
1645896750675	Marionette	INFO	Stopped listening on port 49339

###!!! [Child][RunMessage] Error: Channel closing: too late to send/recv, messages will be lost


###!!! [Child][RunMessage] Error: Channel closing: too late to send/recv, messages will be lost


###!!! [Child][RunMessage] Error: Channel closing: too late to send/recv, messages will be lost


###!!! [Child][RunMessage] Error: Channel closing: too late to send/recv, messages will be lost

1645897911739	geckodriver	INFO	Listening on 127.0.0.1:49466
1645897914767	mozrunner::runner	INFO	Running command: "C:\\Program Files\\Mozilla Firefox\\firefox.exe" "--marionette" "--remote-debugging-port" "49467" "-no-remote" "-profile" "C:\\Users\\User\\AppData\\Local\\Temp\\rust_mozprofileCIevQB"
1645897915318	Marionette	INFO	Marionette enabled
console.warn: SearchSettings: "get: No settings file exists, new profile?" (new NotFoundError("Could not open the file at C:\\Users\\User\\AppData\\Local\\Temp\\rust_mozprofileCIevQB\\search.json.mozlz4", (void 0)))
DevTools listening on ws://localhost:49467/devtools/browser/c4f6589f-61bb-4bef-839c-289a564b202e
1645897918594	Marionette	INFO	Listening on port 49472
1645897919121	RemoteAgent	WARN	TLS certificate errors will be ignored for this session
[Child 28416, MediaDecoderStateMachine #1] WARNING: Decoder=24381394c00 state=DECODING_METADATA Decode metadata failed, shutting down decoder: file /builds/worker/checkouts/gecko/dom/media/MediaDecoderStateMachine.cpp:367
[Child 28416, MediaDecoderStateMachine #1] WARNING: Decoder=24381394c00 Decode error: NS_ERROR_DOM_MEDIA_METADATA_ERR (0x806e0006) - static MP4Metadata::ResultAndByteBuffer __cdecl mozilla::MP4Metadata::Metadata(mozilla::ByteStream *): Cannot parse metadata: file /builds/worker/checkouts/gecko/dom/media/MediaDecoderStateMachine.cpp:3568
[Child 28416, MediaDecoderStateMachine #1] WARNING: Decoder=24382389100 state=DECODING_METADATA Decode metadata failed, shutting down decoder: file /builds/worker/checkouts/gecko/dom/media/MediaDecoderStateMachine.cpp:367
[Child 28416, MediaDecoderStateMachine #1] WARNING: Decoder=24382389100 Decode error: NS_ERROR_DOM_MEDIA_METADATA_ERR (0x806e0006) - static MP4Metadata::ResultAndByteBuffer __cdecl mozilla::MP4Metadata::Metadata(mozilla::ByteStream *): Cannot parse metadata: file /builds/worker/checkouts/gecko/dom/media/MediaDecoderStateMachine.cpp:3568
[Child 28416, MediaDecoderStateMachine #1] WARNING: Decoder=24382387600 state=DECODING_METADATA Decode metadata failed, shutting down decoder: file /builds/worker/checkouts/gecko/dom/media/MediaDecoderStateMachine.cpp:367
[Child 28416, MediaDecoderStateMachine #1] WARNING: Decoder=24382387600 Decode error: NS_ERROR_DOM_MEDIA_METADATA_ERR (0x806e0006) - static MP4Metadata::ResultAndByteBuffer __cdecl mozilla::MP4Metadata::Metadata(mozilla::ByteStream *): Cannot parse metadata: file /builds/worker/checkouts/gecko/dom/media/MediaDecoderStateMachine.cpp:3568
console.warn: LoginRecipes: "getRecipes: falling back to a synchronous message for:" "https://app.involve.me"
console.warn: LoginRecipes: "getRecipes: falling back to a synchronous message for:" "https://app.involve.me"
JavaScript error: resource://gre/modules/LoginManagerParent.jsm, line 136: TypeError: gRecipeManager is null
1645897941432	Marionette	INFO	Stopped listening on port 49472

###!!! [Parent][MessageChannel] Error: (msgtype=0x3A014F,name=PContent::Reply_DiscardBrowsingContext) Closed channel: cannot send/recv


###!!! [Parent][MessageChannel] Error: (msgtype=0x3A007A,name=PContent::Msg_DestroyBrowsingContextGroup) Closed channel: cannot send/recv


###!!! [Child][RunMessage] Error: Channel closing: too late to send/recv, messages will be lost


###!!! [Child][RunMessage] Error: Channel closing: too late to send/recv, messages will be lost


###!!! [Child][RunMessage] Error: Channel closing: too late to send/recv, messages will be lost


###!!! [Child][RunMessage] Error: Channel closing: too late to send/recv, messages will be lost


###!!! [Child][RunMessage] Error: Channel closing: too late to send/recv, messages will be lost


###!!! [Parent][RunMessage] Error: Channel closing: too late to send/recv, messages will be lost

1645897946219	geckodriver	INFO	Listening on 127.0.0.1:49574
1645897949253	mozrunner::runner	INFO	Running command: "C:\\Program Files\\Mozilla Firefox\\firefox.exe" "--marionette" "--remote-debugging-port" "49575" "-no-remote" "-profile" "C:\\Users\\User\\AppData\\Local\\Temp\\rust_mozprofilelpSZn3"
1645897949795	Marionette	INFO	Marionette enabled
console.warn: SearchSettings: "get: No settings file exists, new profile?" (new NotFoundError("Could not open the file at C:\\Users\\User\\AppData\\Local\\Temp\\rust_mozprofilelpSZn3\\search.json.mozlz4", (void 0)))
DevTools listening on ws://localhost:49575/devtools/browser/a24d3f7a-4b2a-4517-bcdf-23c274d629ac
1645897953392	Marionette	INFO	Listening on port 49580
1645897953438	RemoteAgent	WARN	TLS certificate errors will be ignored for this session
1645897956376	Marionette	INFO	Stopped listening on port 49580
console.warn: TopSitesFeed: Failed to fetch data from Contile server: NetworkError when attempting to fetch resource.
JavaScript error: chrome://remote/content/marionette/cert.js, line 55: NS_ERROR_NOT_AVAILABLE: Component returned failure code: 0x80040111 (NS_ERROR_NOT_AVAILABLE) [nsICertOverrideService.setDisableAllSecurityChecksAndLetAttackersInterceptMyData]
1645898106152	geckodriver	INFO	Listening on 127.0.0.1:49697
1645898109182	mozrunner::runner	INFO	Running command: "C:\\Program Files\\Mozilla Firefox\\firefox.exe" "--marionette" "--remote-debugging-port" "49698" "-no-remote" "-profile" "C:\\Users\\User\\AppData\\Local\\Temp\\rust_mozprofilepCUxzY"
1645898109746	Marionette	INFO	Marionette enabled
console.warn: SearchSettings: "get: No settings file exists, new profile?" (new NotFoundError("Could not open the file at C:\\Users\\User\\AppData\\Local\\Temp\\rust_mozprofilepCUxzY\\search.json.mozlz4", (void 0)))
DevTools listening on ws://localhost:49698/devtools/browser/0402e725-326d-40df-b1a8-1c57ae71c443
1645898113113	Marionette	INFO	Listening on port 49704
1645898113417	RemoteAgent	WARN	TLS certificate errors will be ignored for this session
JavaScript error: https://js.intercomcdn.com/frame.1328d867.js, line 1: SecurityError: Permission denied to get property "href" on cross-origin object
JavaScript error: https://js.intercomcdn.com/frame.1328d867.js, line 1: SecurityError: Permission denied to access property "requestAnimationFrame" on cross-origin object
JavaScript error: https://js.intercomcdn.com/frame.1328d867.js, line 1: SecurityError: Permission denied to get property "href" on cross-origin object
JavaScript error: https://js.intercomcdn.com/frame.1328d867.js, line 1: SecurityError: Permission denied to get property "href" on cross-origin object
JavaScript error: https://js.intercomcdn.com/frame.1328d867.js, line 1: SecurityError: Permission denied to access property "requestAnimationFrame" on cross-origin object
JavaScript error: https://js.intercomcdn.com/frame.1328d867.js, line 1: SecurityError: Permission denied to access property "requestAnimationFrame" on cross-origin object
JavaScript error: https://js.intercomcdn.com/frame.1328d867.js, line 1: SecurityError: Permission denied to get property "href" on cross-origin object
JavaScript error: https://js.intercomcdn.com/frame.1328d867.js, line 1: SecurityError: Permission denied to access property "requestAnimationFrame" on cross-origin object
console.warn: LoginRecipes: "getRecipes: falling back to a synchronous message for:" "https://app.involve.me"
console.warn: LoginRecipes: "getRecipes: falling back to a synchronous message for:" "https://app.involve.me"
JavaScript error: resource://gre/modules/LoginManagerParent.jsm, line 136: TypeError: gRecipeManager is null
1645898166006	geckodriver	INFO	Listening on 127.0.0.1:49816
1645898169031	mozrunner::runner	INFO	Running command: "C:\\Program Files\\Mozilla Firefox\\firefox.exe" "--marionette" "--remote-debugging-port" "49817" "-no-remote" "-profile" "C:\\Users\\User\\AppData\\Local\\Temp\\rust_mozprofileJvEOz7"
1645898169564	Marionette	INFO	Marionette enabled
console.warn: SearchSettings: "get: No settings file exists, new profile?" (new NotFoundError("Could not open the file at C:\\Users\\User\\AppData\\Local\\Temp\\rust_mozprofileJvEOz7\\search.json.mozlz4", (void 0)))
DevTools listening on ws://localhost:49817/devtools/browser/8f714e1a-5548-4d07-8cdc-dc658aea4f4d
1645898172837	Marionette	INFO	Listening on port 49822
1645898173239	RemoteAgent	WARN	TLS certificate errors will be ignored for this session
console.warn: LoginRecipes: "getRecipes: falling back to a synchronous message for:" "https://app.involve.me"
console.warn: LoginRecipes: "getRecipes: falling back to a synchronous message for:" "https://app.involve.me"
JavaScript error: resource://gre/modules/LoginManagerParent.jsm, line 136: TypeError: gRecipeManager is null
console.warn: LoginRecipes: "getRecipes: falling back to a synchronous message for:" "https://app.involve.me"
JavaScript error: resource://gre/modules/LoginManagerParent.jsm, line 136: TypeError: gRecipeManager is null
console.warn: LoginRecipes: "getRecipes: falling back to a synchronous message for:" "https://app.involve.me"
JavaScript error: resource://gre/modules/LoginManagerParent.jsm, line 136: TypeError: gRecipeManager is null
1645898267194	Marionette	INFO	Stopped listening on port 49822

###!!! [Child][RunMessage] Error: Channel closing: too late to send/recv, messages will be lost


###!!! [Child][RunMessage] Error: Channel closing: too late to send/recv, messages will be lost


###!!! [Child][RunMessage] Error: Channel closing: too late to send/recv, messages will be lost


###!!! [Child][RunMessage] Error: Channel closing: too late to send/recv, messages will be lost


###!!! [Child][RunMessage] Error: Channel closing: too late to send/recv, messages will be lost


###!!! [Parent][RunMessage] Error: Channel closing: too late to send/recv, messages will be lost

1645898272359	geckodriver	INFO	Listening on 127.0.0.1:49937
1645898569115	geckodriver	INFO	Listening on 127.0.0.1:49950
1645898572155	mozrunner::runner	INFO	Running command: "C:\\Program Files\\Mozilla Firefox\\firefox.exe" "--marionette" "--remote-debugging-port" "49951" "-no-remote" "-profile" "C:\\Users\\User\\AppData\\Local\\Temp\\rust_mozprofileFKPlv8"
1645898572683	Marionette	INFO	Marionette enabled
console.warn: SearchSettings: "get: No settings file exists, new profile?" (new NotFoundError("Could not open the file at C:\\Users\\User\\AppData\\Local\\Temp\\rust_mozprofileFKPlv8\\search.json.mozlz4", (void 0)))
DevTools listening on ws://localhost:49951/devtools/browser/b7eb34dd-7917-4a31-9308-b98fd016e29d
1645898576245	Marionette	INFO	Listening on port 49956
1645898576362	RemoteAgent	WARN	TLS certificate errors will be ignored for this session
[Child 11380, MediaDecoderStateMachine #1] WARNING: Decoder=201c97e9400 state=DECODING_METADATA Decode metadata failed, shutting down decoder: file /builds/worker/checkouts/gecko/dom/media/MediaDecoderStateMachine.cpp:367
[Child 11380, MediaDecoderStateMachine #1] WARNING: Decoder=201c97e9400 Decode error: NS_ERROR_DOM_MEDIA_METADATA_ERR (0x806e0006) - static MP4Metadata::ResultAndByteBuffer __cdecl mozilla::MP4Metadata::Metadata(mozilla::ByteStream *): Cannot parse metadata: file /builds/worker/checkouts/gecko/dom/media/MediaDecoderStateMachine.cpp:3568
[Child 11380, MediaDecoderStateMachine #1] WARNING: Decoder=201ccd56600 state=DECODING_METADATA Decode metadata failed, shutting down decoder: file /builds/worker/checkouts/gecko/dom/media/MediaDecoderStateMachine.cpp:367
[Child 11380, MediaDecoderStateMachine #1] WARNING: Decoder=201ccd56600 Decode error: NS_ERROR_DOM_MEDIA_METADATA_ERR (0x806e0006) - static MP4Metadata::ResultAndByteBuffer __cdecl mozilla::MP4Metadata::Metadata(mozilla::ByteStream *): Cannot parse metadata: file /builds/worker/checkouts/gecko/dom/media/MediaDecoderStateMachine.cpp:3568
console.warn: LoginRecipes: "getRecipes: falling back to a synchronous message for:" "https://app.involve.me"
console.warn: LoginRecipes: "getRecipes: falling back to a synchronous message for:" "https://app.involve.me"
JavaScript error: resource://gre/modules/LoginManagerParent.jsm, line 136: TypeError: gRecipeManager is null
1645898600728	Marionette	INFO	Stopped listening on port 49956

###!!! [Parent][MessageChannel] Error: (msgtype=0x3A007A,name=PContent::Msg_DestroyBrowsingContextGroup) Closed channel: cannot send/recv


###!!! [Child][RunMessage] Error: Channel closing: too late to send/recv, messages will be lost


###!!! [Child][RunMessage] Error: Channel closing: too late to send/recv, messages will be lost


###!!! [Child][MessageChannel] Error: (msgtype=0x230030,name=PBrowser::Msg___delete__) Channel closing: too late to send/recv, messages will be lost


###!!! [Child][RunMessage] Error: Channel closing: too late to send/recv, messages will be lost

1645898606952	geckodriver	INFO	Listening on 127.0.0.1:50060
1645898653760	geckodriver	INFO	Listening on 127.0.0.1:50070
1645898656785	mozrunner::runner	INFO	Running command: "C:\\Program Files\\Mozilla Firefox\\firefox.exe" "--marionette" "--remote-debugging-port" "50071" "-no-remote" "-profile" "C:\\Users\\User\\AppData\\Local\\Temp\\rust_mozprofilepWBHN8"
1645898657340	Marionette	INFO	Marionette enabled
console.warn: SearchSettings: "get: No settings file exists, new profile?" (new NotFoundError("Could not open the file at C:\\Users\\User\\AppData\\Local\\Temp\\rust_mozprofilepWBHN8\\search.json.mozlz4", (void 0)))
DevTools listening on ws://localhost:50071/devtools/browser/4857226f-7b24-40d3-b0bd-5c30eab1aeca
1645898660822	Marionette	INFO	Listening on port 50076
1645898660976	RemoteAgent	WARN	TLS certificate errors will be ignored for this session
[Child 7088, MediaDecoderStateMachine #1] WARNING: Decoder=123c5480400 state=DECODING_METADATA Decode metadata failed, shutting down decoder: file /builds/worker/checkouts/gecko/dom/media/MediaDecoderStateMachine.cpp:367
[Child 7088, MediaDecoderStateMachine #1] WARNING: Decoder=123c5480400 Decode error: NS_ERROR_DOM_MEDIA_METADATA_ERR (0x806e0006) - static MP4Metadata::ResultAndByteBuffer __cdecl mozilla::MP4Metadata::Metadata(mozilla::ByteStream *): Cannot parse metadata: file /builds/worker/checkouts/gecko/dom/media/MediaDecoderStateMachine.cpp:3568
[Child 7088, MediaDecoderStateMachine #1] WARNING: Decoder=123c547d700 state=DECODING_METADATA Decode metadata failed, shutting down decoder: file /builds/worker/checkouts/gecko/dom/media/MediaDecoderStateMachine.cpp:367
[Child 7088, MediaDecoderStateMachine #1] WARNING: Decoder=123c547d700 Decode error: NS_ERROR_DOM_MEDIA_METADATA_ERR (0x806e0006) - static MP4Metadata::ResultAndByteBuffer __cdecl mozilla::MP4Metadata::Metadata(mozilla::ByteStream *): Cannot parse metadata: file /builds/worker/checkouts/gecko/dom/media/MediaDecoderStateMachine.cpp:3568
[Child 7088, MediaDecoderStateMachine #1] WARNING: Decoder=123c5480a00 state=DECODING_METADATA Decode metadata failed, shutting down decoder: file /builds/worker/checkouts/gecko/dom/media/MediaDecoderStateMachine.cpp:367
[Child 7088, MediaDecoderStateMachine #1] WARNING: Decoder=123c5480a00 Decode error: NS_ERROR_DOM_MEDIA_METADATA_ERR (0x806e0006) - static MP4Metadata::ResultAndByteBuffer __cdecl mozilla::MP4Metadata::Metadata(mozilla::ByteStream *): Cannot parse metadata: file /builds/worker/checkouts/gecko/dom/media/MediaDecoderStateMachine.cpp:3568
console.warn: LoginRecipes: "getRecipes: falling back to a synchronous message for:" "https://app.involve.me"
console.warn: LoginRecipes: "getRecipes: falling back to a synchronous message for:" "https://app.involve.me"
JavaScript error: resource://gre/modules/LoginManagerParent.jsm, line 136: TypeError: gRecipeManager is null
1645898691330	Marionette	INFO	Stopped listening on port 50076

###!!! [Parent][MessageChannel] Error: (msgtype=0x3A007A,name=PContent::Msg_DestroyBrowsingContextGroup) Closed channel: cannot send/recv


###!!! [Child][RunMessage] Error: Channel closing: too late to send/recv, messages will be lost


###!!! [Child][RunMessage] Error: Channel closing: too late to send/recv, messages will be lost


###!!! [Child][MessageChannel] Error: (msgtype=0x230030,name=PBrowser::Msg___delete__) Channel closing: too late to send/recv, messages will be lost


###!!! [Child][RunMessage] Error: Channel closing: too late to send/recv, messages will be lost

1645898696706	geckodriver	INFO	Listening on 127.0.0.1:50182
1645898699759	mozrunner::runner	INFO	Running command: "C:\\Program Files\\Mozilla Firefox\\firefox.exe" "--marionette" "--remote-debugging-port" "50183" "-no-remote" "-profile" "C:\\Users\\User\\AppData\\Local\\Temp\\rust_mozprofile9OJ9kO"
1645898726616	geckodriver	INFO	Listening on 127.0.0.1:50197
1645898729698	mozrunner::runner	INFO	Running command: "C:\\Program Files\\Mozilla Firefox\\firefox.exe" "--marionette" "--remote-debugging-port" "50198" "-no-remote" "-profile" "C:\\Users\\User\\AppData\\Local\\Temp\\rust_mozprofile5NJ6BD"
1645898730219	Marionette	INFO	Marionette enabled
console.warn: SearchSettings: "get: No settings file exists, new profile?" (new NotFoundError("Could not open the file at C:\\Users\\User\\AppData\\Local\\Temp\\rust_mozprofile5NJ6BD\\search.json.mozlz4", (void 0)))
DevTools listening on ws://localhost:50198/devtools/browser/9fe8f0dd-d876-48c9-a681-84755b1445b0
1645898733716	Marionette	INFO	Listening on port 50203
1645898733917	RemoteAgent	WARN	TLS certificate errors will be ignored for this session
[Child 11176, MediaDecoderStateMachine #1] WARNING: Decoder=202a2a0e800 state=DECODING_METADATA Decode metadata failed, shutting down decoder: file /builds/worker/checkouts/gecko/dom/media/MediaDecoderStateMachine.cpp:367
[Child 11176, MediaDecoderStateMachine #1] WARNING: Decoder=202a2a0e800 Decode error: NS_ERROR_DOM_MEDIA_METADATA_ERR (0x806e0006) - static MP4Metadata::ResultAndByteBuffer __cdecl mozilla::MP4Metadata::Metadata(mozilla::ByteStream *): Cannot parse metadata: file /builds/worker/checkouts/gecko/dom/media/MediaDecoderStateMachine.cpp:3568
[Child 11176, MediaDecoderStateMachine #1] WARNING: Decoder=202a30c1a00 state=DECODING_METADATA Decode metadata failed, shutting down decoder: file /builds/worker/checkouts/gecko/dom/media/MediaDecoderStateMachine.cpp:367
[Child 11176, MediaDecoderStateMachine #1] WARNING: Decoder=202a30c1a00 Decode error: NS_ERROR_DOM_MEDIA_METADATA_ERR (0x806e0006) - static MP4Metadata::ResultAndByteBuffer __cdecl mozilla::MP4Metadata::Metadata(mozilla::ByteStream *): Cannot parse metadata: file /builds/worker/checkouts/gecko/dom/media/MediaDecoderStateMachine.cpp:3568
console.warn: LoginRecipes: "getRecipes: falling back to a synchronous message for:" "https://app.involve.me"
console.warn: LoginRecipes: "getRecipes: falling back to a synchronous message for:" "https://app.involve.me"
JavaScript error: resource://gre/modules/LoginManagerParent.jsm, line 136: TypeError: gRecipeManager is null
console.warn: LoginRecipes: "getRecipes: falling back to a synchronous message for:" "https://app.involve.me"
JavaScript error: resource://gre/modules/LoginManagerParent.jsm, line 136: TypeError: gRecipeManager is null
console.warn: LoginRecipes: "getRecipes: falling back to a synchronous message for:" "https://app.involve.me"
JavaScript error: resource://gre/modules/LoginManagerParent.jsm, line 136: TypeError: gRecipeManager is null
1645898776230	Marionette	INFO	Stopped listening on port 50203

###!!! [Child][RunMessage] Error: Channel closing: too late to send/recv, messages will be lost


###!!! [Child][RunMessage] Error: Channel closing: too late to send/recv, messages will be lost


###!!! [Child][RunMessage] Error: Channel closing: too late to send/recv, messages will be lost

1645899238658	geckodriver	INFO	Listening on 127.0.0.1:50314
1645899241700	mozrunner::runner	INFO	Running command: "C:\\Program Files\\Mozilla Firefox\\firefox.exe" "--marionette" "--remote-debugging-port" "50315" "-no-remote" "-profile" "C:\\Users\\User\\AppData\\Local\\Temp\\rust_mozprofileOAsMYS"
1645899242222	Marionette	INFO	Marionette enabled
console.warn: SearchSettings: "get: No settings file exists, new profile?" (new NotFoundError("Could not open the file at C:\\Users\\User\\AppData\\Local\\Temp\\rust_mozprofileOAsMYS\\search.json.mozlz4", (void 0)))
DevTools listening on ws://localhost:50315/devtools/browser/ac1f31cb-dcfd-411d-8533-7bb1327b804d
1645899245623	Marionette	INFO	Listening on port 50320
1645899245920	RemoteAgent	WARN	TLS certificate errors will be ignored for this session
[Child 26232, MediaDecoderStateMachine #1] WARNING: Decoder=1bfb080be00 state=DECODING_METADATA Decode metadata failed, shutting down decoder: file /builds/worker/checkouts/gecko/dom/media/MediaDecoderStateMachine.cpp:367
[Child 26232, MediaDecoderStateMachine #1] WARNING: Decoder=1bfb080be00 Decode error: NS_ERROR_DOM_MEDIA_METADATA_ERR (0x806e0006) - static MP4Metadata::ResultAndByteBuffer __cdecl mozilla::MP4Metadata::Metadata(mozilla::ByteStream *): Cannot parse metadata: file /builds/worker/checkouts/gecko/dom/media/MediaDecoderStateMachine.cpp:3568
console.warn: LoginRecipes: "getRecipes: falling back to a synchronous message for:" "https://app.involve.me"
console.warn: LoginRecipes: "getRecipes: falling back to a synchronous message for:" "https://app.involve.me"
JavaScript error: resource://gre/modules/LoginManagerParent.jsm, line 136: TypeError: gRecipeManager is null
1645899272437	Marionette	INFO	Stopped listening on port 50320

###!!! [Parent][MessageChannel] Error: (msgtype=0x3A007A,name=PContent::Msg_DestroyBrowsingContextGroup) Closed channel: cannot send/recv


###!!! [Child][MessageChannel] Error: (msgtype=0x5A0008,name=PHttpChannel::Msg_DeletingChannel) Channel closing: too late to send/recv, messages will be lost


###!!! [Child][MessageChannel] Error: (msgtype=0x5A0008,name=PHttpChannel::Msg_DeletingChannel) Channel closing: too late to send/recv, messages will be lost


###!!! [Child][MessageChannel] Error: (msgtype=0x5A0008,name=PHttpChannel::Msg_DeletingChannel) Channel closing: too late to send/recv, messages will be lost


###!!! [Child][MessageChannel] Error: (msgtype=0x5A0008,name=PHttpChannel::Msg_DeletingChannel) Channel closing: too late to send/recv, messages will be lost


###!!! [Child][MessageChannel] Error: (msgtype=0x5A0008,name=PHttpChannel::Msg_DeletingChannel) Channel closing: too late to send/recv, messages will be lost


###!!! [Child][MessageChannel] Error: (msgtype=0x5A0008,name=PHttpChannel::Msg_DeletingChannel) Channel closing: too late to send/recv, messages will be lost


###!!! [Child][RunMessage] Error: Channel closing: too late to send/recv, messages will be lost


###!!! [Child][MessageChannel] Error: (msgtype=0x5A0008,name=PHttpChannel::Msg_DeletingChannel) Channel closing: too late to send/recv, messages will be lost


###!!! [Child][MessageChannel] Error: (msgtype=0x6B0022,name=PNecko::Msg_RequestContextAfterDOMContentLoaded) Channel closing: too late to send/recv, messages will be lost


###!!! [Child][MessageChannel] Error: (msgtype=0x5A0008,name=PHttpChannel::Msg_DeletingChannel) Channel closing: too late to send/recv, messages will be lost


###!!! [Child][RunMessage] Error: Channel closing: too late to send/recv, messages will be lost


###!!! [Child][RunMessage] Error: Channel closing: too late to send/recv, messages will be lost


###!!! [Child][RunMessage] Error: Channel closing: too late to send/recv, messages will be lost


###!!! [Child][RunMessage] Error: Channel closing: too late to send/recv, messages will be lost


###!!! [Child][RunMessage] Error: Channel closing: too late to send/recv, messages will be lost


###!!! [Child][RunMessage] Error: Channel closing: too late to send/recv, messages will be lost


###!!! [Child][RunMessage] Error: Channel closing: too late to send/recv, messages will be lost


###!!! [Child][RunMessage] Error: Channel closing: too late to send/recv, messages will be lost


###!!! [Child][RunMessage] Error: Channel closing: too late to send/recv, messages will be lost


###!!! [Child][RunMessage] Error: Channel closing: too late to send/recv, messages will be lost


###!!! [Child][RunMessage] Error: Channel closing: too late to send/recv, messages will be lost


###!!! [Child][RunMessage] Error: Channel closing: too late to send/recv, messages will be lost


###!!! [Child][RunMessage] Error: Channel closing: too late to send/recv, messages will be lost


###!!! [Child][RunMessage] Error: Channel closing: too late to send/recv, messages will be lost


###!!! [Child][RunMessage] Error: Channel closing: too late to send/recv, messages will be lost


###!!! [Child][RunMessage] Error: Channel closing: too late to send/recv, messages will be lost


###!!! [Child][RunMessage] Error: Channel closing: too late to send/recv, messages will be lost


###!!! [Child][RunMessage] Error: Channel closing: too late to send/recv, messages will be lost


###!!! [Child][RunMessage] Error: Channel closing: too late to send/recv, messages will be lost


###!!! [Child][RunMessage] Error: Channel closing: too late to send/recv, messages will be lost


###!!! [Child][RunMessage] Error: Channel closing: too late to send/recv, messages will be lost


###!!! [Child][RunMessage] Error: Channel closing: too late to send/recv, messages will be lost


###!!! [Child][RunMessage] Error: Channel closing: too late to send/recv, messages will be lost


###!!! [Child][RunMessage] Error: Channel closing: too late to send/recv, messages will be lost


###!!! [Child][RunMessage] Error: Channel closing: too late to send/recv, messages will be lost


###!!! [Child][RunMessage] Error: Channel closing: too late to send/recv, messages will be lost


###!!! [Child][RunMessage] Error: Channel closing: too late to send/recv, messages will be lost


###!!! [Child][RunMessage] Error: Channel closing: too late to send/recv, messages will be lost


###!!! [Child][RunMessage] Error: Channel closing: too late to send/recv, messages will be lost


###!!! [Child][RunMessage] Error: Channel closing: too late to send/recv, messages will be lost


###!!! [Child][RunMessage] Error: Channel closing: too late to send/recv, messages will be lost


###!!! [Child][RunMessage] Error: Channel closing: too late to send/recv, messages will be lost


###!!! [Child][RunMessage] Error: Channel closing: too late to send/recv, messages will be lost


###!!! [Child][RunMessage] Error: Channel closing: too late to send/recv, messages will be lost


###!!! [Child][RunMessage] Error: Channel closing: too late to send/recv, messages will be lost


###!!! [Child][RunMessage] Error: Channel closing: too late to send/recv, messages will be lost


###!!! [Child][RunMessage] Error: Channel closing: too late to send/recv, messages will be lost


###!!! [Child][RunMessage] Error: Channel closing: too late to send/recv, messages will be lost


###!!! [Child][RunMessage] Error: Channel closing: too late to send/recv, messages will be lost


###!!! [Child][RunMessage] Error: Channel closing: too late to send/recv, messages will be lost


###!!! [Child][RunMessage] Error: Channel closing: too late to send/recv, messages will be lost


###!!! [Child][RunMessage] Error: Channel closing: too late to send/recv, messages will be lost


###!!! [Child][RunMessage] Error: Channel closing: too late to send/recv, messages will be lost


###!!! [Child][RunMessage] Error: Channel closing: too late to send/recv, messages will be lost


###!!! [Child][RunMessage] Error: Channel closing: too late to send/recv, messages will be lost


###!!! [Child][RunMessage] Error: Channel closing: too late to send/recv, messages will be lost


###!!! [Child][RunMessage] Error: Channel closing: too late to send/recv, messages will be lost


###!!! [Child][RunMessage] Error: Channel closing: too late to send/recv, messages will be lost


###!!! [Child][RunMessage] Error: Channel closing: too late to send/recv, messages will be lost


###!!! [Child][RunMessage] Error: Channel closing: too late to send/recv, messages will be lost


###!!! [Child][RunMessage] Error: Channel closing: too late to send/recv, messages will be lost


###!!! [Child][RunMessage] Error: Channel closing: too late to send/recv, messages will be lost


###!!! [Child][RunMessage] Error: Channel closing: too late to send/recv, messages will be lost


###!!! [Child][RunMessage] Error: Channel closing: too late to send/recv, messages will be lost


###!!! [Child][RunMessage] Error: Channel closing: too late to send/recv, messages will be lost


###!!! [Child][RunMessage] Error: Channel closing: too late to send/recv, messages will be lost


###!!! [Child][RunMessage] Error: Channel closing: too late to send/recv, messages will be lost


###!!! [Child][RunMessage] Error: Channel closing: too late to send/recv, messages will be lost


###!!! [Child][RunMessage] Error: Channel closing: too late to send/recv, messages will be lost


###!!! [Child][RunMessage] Error: Channel closing: too late to send/recv, messages will be lost


###!!! [Child][RunMessage] Error: Channel closing: too late to send/recv, messages will be lost


###!!! [Child][RunMessage] Error: Channel closing: too late to send/recv, messages will be lost


###!!! [Child][RunMessage] Error: Channel closing: too late to send/recv, messages will be lost


###!!! [Child][RunMessage] Error: Channel closing: too late to send/recv, messages will be lost


###!!! [Child][RunMessage] Error: Channel closing: too late to send/recv, messages will be lost


###!!! [Child][RunMessage] Error: Channel closing: too late to send/recv, messages will be lost


###!!! [Child][RunMessage] Error: Channel closing: too late to send/recv, messages will be lost


###!!! [Child][RunMessage] Error: Channel closing: too late to send/recv, messages will be lost


###!!! [Child][RunMessage] Error: Channel closing: too late to send/recv, messages will be lost


###!!! [Child][RunMessage] Error: Channel closing: too late to send/recv, messages will be lost


###!!! [Child][RunMessage] Error: Channel closing: too late to send/recv, messages will be lost


###!!! [Child][RunMessage] Error: Channel closing: too late to send/recv, messages will be lost


###!!! [Child][RunMessage] Error: Channel closing: too late to send/recv, messages will be lost


###!!! [Child][RunMessage] Error: Channel closing: too late to send/recv, messages will be lost


###!!! [Child][RunMessage] Error: Channel closing: too late to send/recv, messages will be lost


###!!! [Child][RunMessage] Error: Channel closing: too late to send/recv, messages will be lost


###!!! [Child][RunMessage] Error: Channel closing: too late to send/recv, messages will be lost


###!!! [Parent][RunMessage] Error: Channel closing: too late to send/recv, messages will be lost

1645899278870	geckodriver	INFO	Listening on 127.0.0.1:50426
1645899281902	mozrunner::runner	INFO	Running command: "C:\\Program Files\\Mozilla Firefox\\firefox.exe" "--marionette" "--remote-debugging-port" "50427" "-no-remote" "-profile" "C:\\Users\\User\\AppData\\Local\\Temp\\rust_mozprofilenoX7gE"
1645902658613	geckodriver	INFO	Listening on 127.0.0.1:49522
1645902661649	mozrunner::runner	INFO	Running command: "C:\\Program Files\\Mozilla Firefox\\firefox.exe" "--marionette" "--remote-debugging-port" "49523" "-no-remote" "-profile" "C:\\Users\\User\\AppData\\Local\\Temp\\rust_mozprofileKiIr5W"
1645902662187	Marionette	INFO	Marionette enabled
console.warn: SearchSettings: "get: No settings file exists, new profile?" (new NotFoundError("Could not open the file at C:\\Users\\User\\AppData\\Local\\Temp\\rust_mozprofileKiIr5W\\search.json.mozlz4", (void 0)))
DevTools listening on ws://localhost:49523/devtools/browser/aa61a48c-e268-42df-bcde-6329de6e45ad
1645902665634	Marionette	INFO	Listening on port 49528
1645902665885	RemoteAgent	WARN	TLS certificate errors will be ignored for this session
[Child 2220, MediaDecoderStateMachine #1] WARNING: Decoder=166d836c600 state=DECODING_METADATA Decode metadata failed, shutting down decoder: file /builds/worker/checkouts/gecko/dom/media/MediaDecoderStateMachine.cpp:367
[Child 2220, MediaDecoderStateMachine #1] WARNING: Decoder=166d836c600 Decode error: NS_ERROR_DOM_MEDIA_METADATA_ERR (0x806e0006) - static MP4Metadata::ResultAndByteBuffer __cdecl mozilla::MP4Metadata::Metadata(mozilla::ByteStream *): Cannot parse metadata: file /builds/worker/checkouts/gecko/dom/media/MediaDecoderStateMachine.cpp:3568
[Child 2220, MediaDecoderStateMachine #1] WARNING: Decoder=166d92bad00 state=DECODING_METADATA Decode metadata failed, shutting down decoder: file /builds/worker/checkouts/gecko/dom/media/MediaDecoderStateMachine.cpp:367
[Child 2220, MediaDecoderStateMachine #1] WARNING: Decoder=166d92bad00 Decode error: NS_ERROR_DOM_MEDIA_METADATA_ERR (0x806e0006) - static MP4Metadata::ResultAndByteBuffer __cdecl mozilla::MP4Metadata::Metadata(mozilla::ByteStream *): Cannot parse metadata: file /builds/worker/checkouts/gecko/dom/media/MediaDecoderStateMachine.cpp:3568
[Child 2220, MediaDecoderStateMachine #1] WARNING: Decoder=166d8b08600 state=DECODING_METADATA Decode metadata failed, shutting down decoder: file /builds/worker/checkouts/gecko/dom/media/MediaDecoderStateMachine.cpp:367
[Child 2220, MediaDecoderStateMachine #1] WARNING: Decoder=166d8b08600 Decode error: NS_ERROR_DOM_MEDIA_METADATA_ERR (0x806e0006) - static MP4Metadata::ResultAndByteBuffer __cdecl mozilla::MP4Metadata::Metadata(mozilla::ByteStream *): Cannot parse metadata: file /builds/worker/checkouts/gecko/dom/media/MediaDecoderStateMachine.cpp:3568
console.warn: LoginRecipes: "getRecipes: falling back to a synchronous message for:" "https://app.involve.me"
console.warn: LoginRecipes: "getRecipes: falling back to a synchronous message for:" "https://app.involve.me"
JavaScript error: resource://gre/modules/LoginManagerParent.jsm, line 136: TypeError: gRecipeManager is null
1645902675816	Marionette	INFO	Stopped listening on port 49528

###!!! [Child][RunMessage] Error: Channel closing: too late to send/recv, messages will be lost


###!!! [Child][RunMessage] Error: Channel closing: too late to send/recv, messages will be lost


###!!! [Parent][RunMessage] Error: Channel closing: too late to send/recv, messages will be lost

1645902680417	geckodriver	INFO	Listening on 127.0.0.1:49623
1645902683458	mozrunner::runner	INFO	Running command: "C:\\Program Files\\Mozilla Firefox\\firefox.exe" "--marionette" "--remote-debugging-port" "49624" "-no-remote" "-profile" "C:\\Users\\User\\AppData\\Local\\Temp\\rust_mozprofile4ssclS"
1645902683989	Marionette	INFO	Marionette enabled
console.warn: SearchSettings: "get: No settings file exists, new profile?" (new NotFoundError("Could not open the file at C:\\Users\\User\\AppData\\Local\\Temp\\rust_mozprofile4ssclS\\search.json.mozlz4", (void 0)))
DevTools listening on ws://localhost:49624/devtools/browser/1d84b0f2-f255-48b2-9d4e-b5a96e5d97df
1645902687278	Marionette	INFO	Listening on port 49629
1645902687662	RemoteAgent	WARN	TLS certificate errors will be ignored for this session
[Child 22556, MediaDecoderStateMachine #1] WARNING: Decoder=1f997b66200 state=DECODING_METADATA Decode metadata failed, shutting down decoder: file /builds/worker/checkouts/gecko/dom/media/MediaDecoderStateMachine.cpp:367
[Child 22556, MediaDecoderStateMachine #1] WARNING: Decoder=1f997b66200 Decode error: NS_ERROR_DOM_MEDIA_METADATA_ERR (0x806e0006) - static MP4Metadata::ResultAndByteBuffer __cdecl mozilla::MP4Metadata::Metadata(mozilla::ByteStream *): Cannot parse metadata: file /builds/worker/checkouts/gecko/dom/media/MediaDecoderStateMachine.cpp:3568
console.warn: LoginRecipes: "getRecipes: falling back to a synchronous message for:" "https://app.involve.me"
console.warn: LoginRecipes: "getRecipes: falling back to a synchronous message for:" "https://app.involve.me"
JavaScript error: resource://gre/modules/LoginManagerParent.jsm, line 136: TypeError: gRecipeManager is null
1645902697588	Marionette	INFO	Stopped listening on port 49629

###!!! [Child][RunMessage] Error: Channel closing: too late to send/recv, messages will be lost


###!!! [Child][RunMessage] Error: Channel closing: too late to send/recv, messages will be lost


###!!! [Parent][RunMessage] Error: Channel closing: too late to send/recv, messages will be lost

1645902702634	geckodriver	INFO	Listening on 127.0.0.1:49733
1645902705667	mozrunner::runner	INFO	Running command: "C:\\Program Files\\Mozilla Firefox\\firefox.exe" "--marionette" "--remote-debugging-port" "49734" "-no-remote" "-profile" "C:\\Users\\User\\AppData\\Local\\Temp\\rust_mozprofilez1HbRC"
1645902706246	Marionette	INFO	Marionette enabled
console.warn: SearchSettings: "get: No settings file exists, new profile?" (new NotFoundError("Could not open the file at C:\\Users\\User\\AppData\\Local\\Temp\\rust_mozprofilez1HbRC\\search.json.mozlz4", (void 0)))
DevTools listening on ws://localhost:49734/devtools/browser/18852e73-f110-4b53-b9aa-78a7c6876436
1645902709655	Marionette	INFO	Listening on port 49740
1645902709865	RemoteAgent	WARN	TLS certificate errors will be ignored for this session
[Child 16444, MediaDecoderStateMachine #1] WARNING: Decoder=24350ed4400 state=DECODING_METADATA Decode metadata failed, shutting down decoder: file /builds/worker/checkouts/gecko/dom/media/MediaDecoderStateMachine.cpp:367
[Child 16444, MediaDecoderStateMachine #1] WARNING: Decoder=24350ed4400 Decode error: NS_ERROR_DOM_MEDIA_METADATA_ERR (0x806e0006) - static MP4Metadata::ResultAndByteBuffer __cdecl mozilla::MP4Metadata::Metadata(mozilla::ByteStream *): Cannot parse metadata: file /builds/worker/checkouts/gecko/dom/media/MediaDecoderStateMachine.cpp:3568
console.warn: LoginRecipes: "getRecipes: falling back to a synchronous message for:" "https://app.involve.me"
console.warn: LoginRecipes: "getRecipes: falling back to a synchronous message for:" "https://app.involve.me"
JavaScript error: resource://gre/modules/LoginManagerParent.jsm, line 136: TypeError: gRecipeManager is null
1645902720377	Marionette	INFO	Stopped listening on port 49740
1645902726864	geckodriver	INFO	Listening on 127.0.0.1:49832
1645902729930	mozrunner::runner	INFO	Running command: "C:\\Program Files\\Mozilla Firefox\\firefox.exe" "--marionette" "--remote-debugging-port" "49833" "-no-remote" "-profile" "C:\\Users\\User\\AppData\\Local\\Temp\\rust_mozprofileQpVRPN"
1645902730473	Marionette	INFO	Marionette enabled
console.warn: SearchSettings: "get: No settings file exists, new profile?" (new NotFoundError("Could not open the file at C:\\Users\\User\\AppData\\Local\\Temp\\rust_mozprofileQpVRPN\\search.json.mozlz4", (void 0)))
DevTools listening on ws://localhost:49833/devtools/browser/f76650b5-b64c-44c8-a3c6-9ac7367cb502
1645902733981	Marionette	INFO	Listening on port 49838
1645902734128	RemoteAgent	WARN	TLS certificate errors will be ignored for this session
[Child 26756, MediaDecoderStateMachine #1] WARNING: Decoder=2288d6fcb00 state=DECODING_METADATA Decode metadata failed, shutting down decoder: file /builds/worker/checkouts/gecko/dom/media/MediaDecoderStateMachine.cpp:367
[Child 26756, MediaDecoderStateMachine #1] WARNING: Decoder=2288d6fcb00 Decode error: NS_ERROR_DOM_MEDIA_METADATA_ERR (0x806e0006) - static MP4Metadata::ResultAndByteBuffer __cdecl mozilla::MP4Metadata::Metadata(mozilla::ByteStream *): Cannot parse metadata: file /builds/worker/checkouts/gecko/dom/media/MediaDecoderStateMachine.cpp:3568
[Child 26756, MediaDecoderStateMachine #1] WARNING: Decoder=2288cfbd500 state=DECODING_METADATA Decode metadata failed, shutting down decoder: file /builds/worker/checkouts/gecko/dom/media/MediaDecoderStateMachine.cpp:367
[Child 26756, MediaDecoderStateMachine #1] WARNING: Decoder=2288cfbd500 Decode error: NS_ERROR_DOM_MEDIA_METADATA_ERR (0x806e0006) - static MP4Metadata::ResultAndByteBuffer __cdecl mozilla::MP4Metadata::Metadata(mozilla::ByteStream *): Cannot parse metadata: file /builds/worker/checkouts/gecko/dom/media/MediaDecoderStateMachine.cpp:3568
console.warn: LoginRecipes: "getRecipes: falling back to a synchronous message for:" "https://app.involve.me"
console.warn: LoginRecipes: "getRecipes: falling back to a synchronous message for:" "https://app.involve.me"
JavaScript error: resource://gre/modules/LoginManagerParent.jsm, line 136: TypeError: gRecipeManager is null
console.warn: LoginRecipes: "getRecipes: falling back to a synchronous message for:" "https://app.involve.me"
JavaScript error: resource://gre/modules/LoginManagerParent.jsm, line 136: TypeError: gRecipeManager is null
1645902748466	Marionette	INFO	Stopped listening on port 49838
console.error: PushServiceWebSocket: 
  _beginWSSetup: Not in shutdown state! Current state
  2

###!!! [Parent][RunMessage] Error: Channel closing: too late to send/recv, messages will be lost

